<?xml version="1.0" encoding="UTF-8"?>
<testsuite xmlns:xsi="http://www.w3.org/2001/XMLSchema-instance" xsi:noNamespaceSchemaLocation="https://maven.apache.org/surefire/maven-surefire-plugin/xsd/surefire-test-report.xsd" name="tpolab10.test.TestMTBanking" time="13.933" tests="1" errors="1" skipped="0" failures="0">
  <properties>
[...]
</properties>
  <testcase name="testCorrectData" classname="tpolab10.test.TestMTBanking" time="13.931">
    <error message="no such window: target window already closed&#10;from unknown error: web view not found&#10;  (Session info: chrome=119.0.6045.200)&#10;Build info: version: &apos;4.14.1&apos;, revision: &apos;03f8ede370&apos;&#10;System info: os.name: &apos;Windows 11&apos;, os.arch: &apos;amd64&apos;, os.version: &apos;10.0&apos;, java.version: &apos;21.0.1&apos;&#10;Driver info: org.openqa.selenium.chrome.ChromeDriver&#10;Command: [f06fed22b60c8ddfc53148cdbf5af259, findElement {using=xpath, value=/html/body/div[1]/div/div/div[3]/div/div[2]/div[2]/div/div[2]/div/div/div/div/div[1]/div[1]/div[1]/div[1]/div/div[1]/div/input}]&#10;Capabilities {acceptInsecureCerts: false, browserName: chrome, browserVersion: 119.0.6045.200, chrome: {chromedriverVersion: 119.0.6045.105 (38c72552c5e..., userDataDir: C:\Users\HP\AppData\Local\T...}, fedcm:accounts: true, goog:chromeOptions: {debuggerAddress: localhost:62017}, networkConnectionEnabled: false, pageLoadStrategy: normal, platformName: windows, proxy: Proxy(), se:cdp: ws://localhost:62017/devtoo..., se:cdpVersion: 119.0.6045.200, setWindowRect: true, strictFileInteractability: false, timeouts: {implicit: 0, pageLoad: 300000, script: 30000}, unhandledPromptBehavior: dismiss and notify, webauthn:extension:credBlob: true, webauthn:extension:largeBlob: true, webauthn:extension:minPinLength: true, webauthn:extension:prf: true, webauthn:virtualAuthenticators: true}&#10;Session ID: f06fed22b60c8ddfc53148cdbf5af259" type="org.openqa.selenium.NoSuchWindowException">org.openqa.selenium.NoSuchWindowException: 
no such window: target window already closed
from unknown error: web view not found
  (Session info: chrome=119.0.6045.200)
Build info: version: '4.14.1', revision: '03f8ede370'
System info: os.name: 'Windows 11', os.arch: 'amd64', os.version: '10.0', java.version: '21.0.1'
Driver info: org.openqa.selenium.chrome.ChromeDriver
Command: [f06fed22b60c8ddfc53148cdbf5af259, findElement {using=xpath, value=/html/body/div[1]/div/div/div[3]/div/div[2]/div[2]/div/div[2]/div/div/div/div/div[1]/div[1]/div[1]/div[1]/div/div[1]/div/input}]
Capabilities {acceptInsecureCerts: false, browserName: chrome, browserVersion: 119.0.6045.200, chrome: {chromedriverVersion: 119.0.6045.105 (38c72552c5e..., userDataDir: C:\Users\HP\AppData\Local\T...}, fedcm:accounts: true, goog:chromeOptions: {debuggerAddress: localhost:62017}, networkConnectionEnabled: false, pageLoadStrategy: normal, platformName: windows, proxy: Proxy(), se:cdp: ws://localhost:62017/devtoo..., se:cdpVersion: 119.0.6045.200, setWindowRect: true, strictFileInteractability: false, timeouts: {implicit: 0, pageLoad: 300000, script: 30000}, unhandledPromptBehavior: dismiss and notify, webauthn:extension:credBlob: true, webauthn:extension:largeBlob: true, webauthn:extension:minPinLength: true, webauthn:extension:prf: true, webauthn:virtualAuthenticators: true}
Session ID: f06fed22b60c8ddfc53148cdbf5af259
	at tpolab10.test.TestMTBanking.testCorrectData(TestMTBanking.java:36)
</error>
    <system-err><![CDATA[дек. 02, 2023 10:48:51 AM org.openqa.selenium.devtools.CdpVersionFinder findNearestMatch
WARNING: Unable to find an exact match for CDP version 119, returning the closest version; found: 118; Please update to a Selenium version that supports CDP version 119
]]></system-err>
  </testcase>
</testsuite>